/*C2*/SET SCHEMA PUBLIC
DISCONNECT
/*C1*/SET SCHEMA SYSTEM_LOBS
INSERT INTO LOB_IDS VALUES(36,9,2147483647,40)
COMMIT
ALTER SEQUENCE SYSTEM_LOBS.LOB_ID RESTART WITH 37
DELETE FROM BLOCKS WHERE BLOCK_ADDR=35
INSERT INTO BLOCKS VALUES(35,1,0)
INSERT INTO BLOCKS VALUES(36,2147483611,0)
DELETE FROM BLOCKS WHERE BLOCK_ADDR=35
INSERT INTO LOBS VALUES(35,1,0,36)
COMMIT
/*C3*/SET SCHEMA PUBLIC
DELETE FROM TAXI_SERVICES WHERE TAXI_SERVICE_ID=3
INSERT INTO TAXI_SERVICES VALUES(3,36,'107',1)
SET SCHEMA SYSTEM_LOBS
DELETE FROM LOB_IDS WHERE LOB_ID=35
INSERT INTO LOB_IDS VALUES(35,8,0,40)
DELETE FROM LOB_IDS WHERE LOB_ID=36
INSERT INTO LOB_IDS VALUES(36,9,1,40)
COMMIT
/*C1*/INSERT INTO LOB_IDS VALUES(37,5,2147483647,40)
COMMIT
ALTER SEQUENCE SYSTEM_LOBS.LOB_ID RESTART WITH 38
DELETE FROM BLOCKS WHERE BLOCK_ADDR=36
INSERT INTO BLOCKS VALUES(36,1,0)
INSERT INTO BLOCKS VALUES(37,2147483610,0)
DELETE FROM BLOCKS WHERE BLOCK_ADDR=36
INSERT INTO LOBS VALUES(36,1,0,37)
COMMIT
/*C3*/SET SCHEMA PUBLIC
INSERT INTO TARIF VALUES(6,3.00,1600.00,37,3000.00,'\u0417\u0430\u043a\u0430\u0437',0,3)
SET SCHEMA SYSTEM_LOBS
DELETE FROM LOB_IDS WHERE LOB_ID=37
INSERT INTO LOB_IDS VALUES(37,5,1,40)
COMMIT
/*C1*/INSERT INTO LOB_IDS VALUES(38,5,2147483647,40)
COMMIT
ALTER SEQUENCE SYSTEM_LOBS.LOB_ID RESTART WITH 39
DELETE FROM BLOCKS WHERE BLOCK_ADDR=37
INSERT INTO BLOCKS VALUES(37,1,0)
INSERT INTO BLOCKS VALUES(38,2147483609,0)
DELETE FROM BLOCKS WHERE BLOCK_ADDR=37
INSERT INTO LOBS VALUES(37,1,0,38)
COMMIT
/*C3*/SET SCHEMA PUBLIC
DELETE FROM TARIF WHERE TARIF_ID=6
INSERT INTO TARIF VALUES(6,3.00,1600.00,38,3300.00,'\u0417\u0430\u043a\u0430\u0437',0,3)
SET SCHEMA SYSTEM_LOBS
DELETE FROM LOB_IDS WHERE LOB_ID=37
INSERT INTO LOB_IDS VALUES(37,5,0,40)
DELETE FROM LOB_IDS WHERE LOB_ID=38
INSERT INTO LOB_IDS VALUES(38,5,1,40)
COMMIT
/*C1*/INSERT INTO LOB_IDS VALUES(39,8,2147483647,40)
COMMIT
ALTER SEQUENCE SYSTEM_LOBS.LOB_ID RESTART WITH 40
DELETE FROM BLOCKS WHERE BLOCK_ADDR=38
INSERT INTO BLOCKS VALUES(38,1,0)
INSERT INTO BLOCKS VALUES(39,2147483608,0)
DELETE FROM BLOCKS WHERE BLOCK_ADDR=38
INSERT INTO LOBS VALUES(38,1,0,39)
COMMIT
/*C3*/SET SCHEMA PUBLIC
INSERT INTO TARIF VALUES(7,3.00,16000.00,39,3300.00,'\u041e\u0442 \u0411\u043e\u0440\u0442\u0430',1,3)
SET SCHEMA SYSTEM_LOBS
DELETE FROM LOB_IDS WHERE LOB_ID=39
INSERT INTO LOB_IDS VALUES(39,8,1,40)
COMMIT
SET SCHEMA PUBLIC
INSERT INTO PHONE VALUES(6,'+375293333107',3)
COMMIT
/*C1*/INSERT INTO LOB_IDS VALUES(40,9,2147483647,40)
COMMIT
ALTER SEQUENCE SYSTEM_LOBS.LOB_ID RESTART WITH 41
DELETE FROM BLOCKS WHERE BLOCK_ADDR=39
INSERT INTO BLOCKS VALUES(39,1,0)
INSERT INTO BLOCKS VALUES(40,2147483607,0)
DELETE FROM BLOCKS WHERE BLOCK_ADDR=39
INSERT INTO LOBS VALUES(39,1,0,40)
COMMIT
/*C3*/INSERT INTO TAXI_SERVICES VALUES(4,40,'135',2)
SET SCHEMA SYSTEM_LOBS
DELETE FROM LOB_IDS WHERE LOB_ID=40
INSERT INTO LOB_IDS VALUES(40,9,1,40)
COMMIT
/*C1*/INSERT INTO LOB_IDS VALUES(41,5,2147483647,40)
COMMIT
ALTER SEQUENCE SYSTEM_LOBS.LOB_ID RESTART WITH 42
DELETE FROM BLOCKS WHERE BLOCK_ADDR=40
INSERT INTO BLOCKS VALUES(40,1,0)
INSERT INTO BLOCKS VALUES(41,2147483606,0)
DELETE FROM BLOCKS WHERE BLOCK_ADDR=40
INSERT INTO LOBS VALUES(40,1,0,41)
COMMIT
/*C3*/SET SCHEMA PUBLIC
INSERT INTO TARIF VALUES(8,3.00,15000.00,41,3000.00,'\u0417\u0430\u043a\u0430\u0437',0,3)
SET SCHEMA SYSTEM_LOBS
DELETE FROM LOB_IDS WHERE LOB_ID=41
INSERT INTO LOB_IDS VALUES(41,5,1,40)
COMMIT
/*C1*/INSERT INTO LOB_IDS VALUES(42,5,2147483647,40)
COMMIT
ALTER SEQUENCE SYSTEM_LOBS.LOB_ID RESTART WITH 43
DELETE FROM BLOCKS WHERE BLOCK_ADDR=41
INSERT INTO BLOCKS VALUES(41,1,0)
INSERT INTO BLOCKS VALUES(42,2147483605,0)
DELETE FROM BLOCKS WHERE BLOCK_ADDR=41
INSERT INTO LOBS VALUES(41,1,0,42)
COMMIT
/*C3*/SET SCHEMA PUBLIC
INSERT INTO TARIF VALUES(9,3.00,15000.00,42,3000.00,'\u0417\u0430\u043a\u0430\u0437',0,4)
SET SCHEMA SYSTEM_LOBS
DELETE FROM LOB_IDS WHERE LOB_ID=42
INSERT INTO LOB_IDS VALUES(42,5,1,40)
COMMIT
/*C1*/INSERT INTO LOB_IDS VALUES(43,0,2147483647,40)
COMMIT
ALTER SEQUENCE SYSTEM_LOBS.LOB_ID RESTART WITH 44
/*C3*/SET SCHEMA PUBLIC
INSERT INTO TARIF VALUES(10,0.00,0.00,43,0.00,'',0,4)
SET SCHEMA SYSTEM_LOBS
DELETE FROM LOB_IDS WHERE LOB_ID=43
INSERT INTO LOB_IDS VALUES(43,0,1,40)
COMMIT
SET SCHEMA PUBLIC
DELETE FROM TARIF WHERE TARIF_ID=10
SET SCHEMA SYSTEM_LOBS
DELETE FROM LOB_IDS WHERE LOB_ID=43
INSERT INTO LOB_IDS VALUES(43,0,0,40)
COMMIT
SET SCHEMA PUBLIC
INSERT INTO PHONE VALUES(7,'+375293333001',3)
COMMIT
INSERT INTO PHONE VALUES(8,'+375293333001',4)
COMMIT
/*C1*/INSERT INTO LOB_IDS VALUES(44,9,2147483647,40)
COMMIT
ALTER SEQUENCE SYSTEM_LOBS.LOB_ID RESTART WITH 45
DELETE FROM BLOCKS WHERE BLOCK_ADDR=42
INSERT INTO BLOCKS VALUES(42,1,0)
INSERT INTO BLOCKS VALUES(43,2147483604,0)
DELETE FROM BLOCKS WHERE BLOCK_ADDR=42
INSERT INTO LOBS VALUES(42,1,0,44)
COMMIT
/*C3*/INSERT INTO TAXI_SERVICES VALUES(5,44,'152',2)
SET SCHEMA SYSTEM_LOBS
DELETE FROM LOB_IDS WHERE LOB_ID=44
INSERT INTO LOB_IDS VALUES(44,9,1,40)
COMMIT
/*C1*/INSERT INTO LOB_IDS VALUES(45,5,2147483647,40)
COMMIT
ALTER SEQUENCE SYSTEM_LOBS.LOB_ID RESTART WITH 46
DELETE FROM BLOCKS WHERE BLOCK_ADDR=43
INSERT INTO BLOCKS VALUES(43,1,0)
INSERT INTO BLOCKS VALUES(44,2147483603,0)
DELETE FROM BLOCKS WHERE BLOCK_ADDR=43
INSERT INTO LOBS VALUES(43,1,0,45)
COMMIT
/*C3*/SET SCHEMA PUBLIC
INSERT INTO TARIF VALUES(11,2.50,15000.00,45,2800.00,'\u0417\u0430\u043a\u0430\u0437',0,4)
SET SCHEMA SYSTEM_LOBS
DELETE FROM LOB_IDS WHERE LOB_ID=45
INSERT INTO LOB_IDS VALUES(45,5,1,40)
COMMIT
/*C1*/INSERT INTO LOB_IDS VALUES(46,0,2147483647,40)
COMMIT
ALTER SEQUENCE SYSTEM_LOBS.LOB_ID RESTART WITH 47
/*C3*/SET SCHEMA PUBLIC
INSERT INTO TARIF VALUES(12,0.00,0.00,46,0.00,'',0,5)
SET SCHEMA SYSTEM_LOBS
DELETE FROM LOB_IDS WHERE LOB_ID=46
INSERT INTO LOB_IDS VALUES(46,0,1,40)
COMMIT
/*C1*/INSERT INTO LOB_IDS VALUES(47,5,2147483647,40)
COMMIT
ALTER SEQUENCE SYSTEM_LOBS.LOB_ID RESTART WITH 48
DELETE FROM BLOCKS WHERE BLOCK_ADDR=44
INSERT INTO BLOCKS VALUES(44,1,0)
INSERT INTO BLOCKS VALUES(45,2147483602,0)
DELETE FROM BLOCKS WHERE BLOCK_ADDR=44
INSERT INTO LOBS VALUES(44,1,0,47)
COMMIT
/*C3*/SET SCHEMA PUBLIC
DELETE FROM TARIF WHERE TARIF_ID=12
INSERT INTO TARIF VALUES(12,2.50,15000.00,47,2800.00,'\u0417\u0430\u043a\u0430\u0437',0,5)
SET SCHEMA SYSTEM_LOBS
DELETE FROM LOB_IDS WHERE LOB_ID=46
INSERT INTO LOB_IDS VALUES(46,0,0,40)
DELETE FROM LOB_IDS WHERE LOB_ID=47
INSERT INTO LOB_IDS VALUES(47,5,1,40)
COMMIT
SET SCHEMA PUBLIC
INSERT INTO PHONE VALUES(9,'',4)
COMMIT
INSERT INTO PHONE VALUES(10,'+375293333152',5)
COMMIT
/*C1*/INSERT INTO LOB_IDS VALUES(48,10,2147483647,40)
COMMIT
ALTER SEQUENCE SYSTEM_LOBS.LOB_ID RESTART WITH 49
DELETE FROM BLOCKS WHERE BLOCK_ADDR=45
INSERT INTO BLOCKS VALUES(45,1,0)
INSERT INTO BLOCKS VALUES(46,2147483601,0)
DELETE FROM BLOCKS WHERE BLOCK_ADDR=45
INSERT INTO LOBS VALUES(45,1,0,48)
COMMIT
/*C3*/INSERT INTO TAXI_SERVICES VALUES(6,48,'7788',2)
SET SCHEMA SYSTEM_LOBS
DELETE FROM LOB_IDS WHERE LOB_ID=48
INSERT INTO LOB_IDS VALUES(48,10,1,40)
COMMIT
/*C1*/INSERT INTO LOB_IDS VALUES(49,0,2147483647,40)
COMMIT
ALTER SEQUENCE SYSTEM_LOBS.LOB_ID RESTART WITH 50
/*C3*/SET SCHEMA PUBLIC
INSERT INTO TARIF VALUES(13,0.00,0.00,49,0.00,'',0,5)
SET SCHEMA SYSTEM_LOBS
DELETE FROM LOB_IDS WHERE LOB_ID=49
INSERT INTO LOB_IDS VALUES(49,0,1,40)
COMMIT
/*C1*/INSERT INTO LOB_IDS VALUES(50,5,2147483647,40)
COMMIT
ALTER SEQUENCE SYSTEM_LOBS.LOB_ID RESTART WITH 51
DELETE FROM BLOCKS WHERE BLOCK_ADDR=46
INSERT INTO BLOCKS VALUES(46,1,0)
INSERT INTO BLOCKS VALUES(47,2147483600,0)
DELETE FROM BLOCKS WHERE BLOCK_ADDR=46
INSERT INTO LOBS VALUES(46,1,0,50)
COMMIT
/*C3*/SET SCHEMA PUBLIC
INSERT INTO TARIF VALUES(14,3.00,13600.00,50,2400.00,'\u0417\u0430\u043a\u0430\u0437',0,6)
SET SCHEMA SYSTEM_LOBS
DELETE FROM LOB_IDS WHERE LOB_ID=50
INSERT INTO LOB_IDS VALUES(50,5,1,40)
COMMIT
SET SCHEMA PUBLIC
INSERT INTO PHONE VALUES(11,'',5)
COMMIT
INSERT INTO PHONE VALUES(12,'+375173060778',6)
COMMIT
DELETE FROM TARIF WHERE TARIF_ID=13
SET SCHEMA SYSTEM_LOBS
DELETE FROM LOB_IDS WHERE LOB_ID=49
INSERT INTO LOB_IDS VALUES(49,0,0,40)
COMMIT
SET SCHEMA PUBLIC
DELETE FROM TARIF WHERE TARIF_ID=8
SET SCHEMA SYSTEM_LOBS
DELETE FROM LOB_IDS WHERE LOB_ID=41
INSERT INTO LOB_IDS VALUES(41,5,0,40)
COMMIT
SET SCHEMA PUBLIC
DELETE FROM TARIF WHERE TARIF_ID=7
SET SCHEMA SYSTEM_LOBS
DELETE FROM LOB_IDS WHERE LOB_ID=39
INSERT INTO LOB_IDS VALUES(39,8,0,40)
COMMIT
/*C1*/INSERT INTO LOB_IDS VALUES(51,5,2147483647,40)
COMMIT
ALTER SEQUENCE SYSTEM_LOBS.LOB_ID RESTART WITH 52
DELETE FROM BLOCKS WHERE BLOCK_ADDR=47
INSERT INTO BLOCKS VALUES(47,1,0)
INSERT INTO BLOCKS VALUES(48,2147483599,0)
DELETE FROM BLOCKS WHERE BLOCK_ADDR=47
INSERT INTO LOBS VALUES(47,1,0,51)
COMMIT
/*C3*/SET SCHEMA PUBLIC
DELETE FROM TARIF WHERE TARIF_ID=6
INSERT INTO TARIF VALUES(6,3.00,16000.00,51,3300.00,'\u0417\u0430\u043a\u0430\u0437',0,3)
SET SCHEMA SYSTEM_LOBS
DELETE FROM LOB_IDS WHERE LOB_ID=38
INSERT INTO LOB_IDS VALUES(38,5,0,40)
DELETE FROM LOB_IDS WHERE LOB_ID=51
INSERT INTO LOB_IDS VALUES(51,5,1,40)
COMMIT
/*C1*/INSERT INTO LOB_IDS VALUES(52,5,2147483647,40)
COMMIT
ALTER SEQUENCE SYSTEM_LOBS.LOB_ID RESTART WITH 53
DELETE FROM BLOCKS WHERE BLOCK_ADDR=48
INSERT INTO BLOCKS VALUES(48,1,0)
INSERT INTO BLOCKS VALUES(49,2147483598,0)
DELETE FROM BLOCKS WHERE BLOCK_ADDR=48
INSERT INTO LOBS VALUES(48,1,0,52)
COMMIT
/*C3*/SET SCHEMA PUBLIC
DELETE FROM TARIF WHERE TARIF_ID=6
INSERT INTO TARIF VALUES(6,3.00,16000.00,52,3300.00,'\u0417\u0430\u043a\u0430\u0437',0,3)
SET SCHEMA SYSTEM_LOBS
DELETE FROM LOB_IDS WHERE LOB_ID=51
INSERT INTO LOB_IDS VALUES(51,5,0,40)
DELETE FROM LOB_IDS WHERE LOB_ID=52
INSERT INTO LOB_IDS VALUES(52,5,1,40)
COMMIT
SET SCHEMA PUBLIC
DELETE FROM PHONE WHERE PHONE_ID=11
COMMIT
/*C1*/INSERT INTO LOB_IDS VALUES(53,8,2147483647,40)
COMMIT
ALTER SEQUENCE SYSTEM_LOBS.LOB_ID RESTART WITH 54
DELETE FROM BLOCKS WHERE BLOCK_ADDR=49
INSERT INTO BLOCKS VALUES(49,1,0)
INSERT INTO BLOCKS VALUES(50,2147483597,0)
DELETE FROM BLOCKS WHERE BLOCK_ADDR=49
INSERT INTO LOBS VALUES(49,1,0,53)
COMMIT
/*C3*/DELETE FROM TARIF WHERE TARIF_ID=11
INSERT INTO TARIF VALUES(11,2.50,15000.00,53,2800.00,'\u041e\u0442 \u0411\u043e\u0440\u0442\u0430',0,4)
SET SCHEMA SYSTEM_LOBS
DELETE FROM LOB_IDS WHERE LOB_ID=45
INSERT INTO LOB_IDS VALUES(45,5,0,40)
DELETE FROM LOB_IDS WHERE LOB_ID=53
INSERT INTO LOB_IDS VALUES(53,8,1,40)
COMMIT
SET SCHEMA PUBLIC
DELETE FROM PHONE WHERE PHONE_ID=9
COMMIT
DELETE FROM PHONE WHERE PHONE_ID=7
COMMIT
INSERT INTO PHONE VALUES(13,'',3)
COMMIT
DELETE FROM PHONE WHERE PHONE_ID=13
COMMIT
INSERT INTO PHONE VALUES(14,'+375295555107',3)
COMMIT
INSERT INTO PHONE VALUES(15,'+37529999107',3)
COMMIT
INSERT INTO PHONE VALUES(16,'+375296666001',3)
COMMIT
INSERT INTO PHONE VALUES(17,'+375296666001',4)
COMMIT
INSERT INTO PHONE VALUES(18,'+375292222001',4)
COMMIT
INSERT INTO PHONE VALUES(19,'+375259999001',4)
COMMIT
INSERT INTO PHONE VALUES(20,'',4)
COMMIT
INSERT INTO PHONE VALUES(21,'+375296666152',5)
COMMIT
INSERT INTO PHONE VALUES(22,'+375295555152',5)
COMMIT
INSERT INTO PHONE VALUES(23,'+375294444152',5)
COMMIT
DELETE FROM PHONE WHERE PHONE_ID=20
COMMIT
/*C1*/INSERT INTO LOB_IDS VALUES(54,9,2147483647,40)
COMMIT
ALTER SEQUENCE SYSTEM_LOBS.LOB_ID RESTART WITH 55
DELETE FROM BLOCKS WHERE BLOCK_ADDR=50
INSERT INTO BLOCKS VALUES(50,1,0)
INSERT INTO BLOCKS VALUES(51,2147483596,0)
DELETE FROM BLOCKS WHERE BLOCK_ADDR=50
INSERT INTO LOBS VALUES(50,1,0,54)
COMMIT
/*C3*/DELETE FROM TAXI_SERVICES WHERE TAXI_SERVICE_ID=3
INSERT INTO TAXI_SERVICES VALUES(3,54,'107',90)
SET SCHEMA SYSTEM_LOBS
DELETE FROM LOB_IDS WHERE LOB_ID=36
INSERT INTO LOB_IDS VALUES(36,9,0,40)
DELETE FROM LOB_IDS WHERE LOB_ID=54
INSERT INTO LOB_IDS VALUES(54,9,1,40)
COMMIT
/*C1*/INSERT INTO LOB_IDS VALUES(55,9,2147483647,40)
COMMIT
ALTER SEQUENCE SYSTEM_LOBS.LOB_ID RESTART WITH 56
DELETE FROM BLOCKS WHERE BLOCK_ADDR=51
INSERT INTO BLOCKS VALUES(51,1,0)
INSERT INTO BLOCKS VALUES(52,2147483595,0)
DELETE FROM BLOCKS WHERE BLOCK_ADDR=51
INSERT INTO LOBS VALUES(51,1,0,55)
COMMIT
/*C3*/SET SCHEMA PUBLIC
DELETE FROM TAXI_SERVICES WHERE TAXI_SERVICE_ID=5
INSERT INTO TAXI_SERVICES VALUES(5,55,'152',50)
SET SCHEMA SYSTEM_LOBS
DELETE FROM LOB_IDS WHERE LOB_ID=44
INSERT INTO LOB_IDS VALUES(44,9,0,40)
DELETE FROM LOB_IDS WHERE LOB_ID=55
INSERT INTO LOB_IDS VALUES(55,9,1,40)
COMMIT
/*C1*/INSERT INTO LOB_IDS VALUES(56,9,2147483647,40)
COMMIT
ALTER SEQUENCE SYSTEM_LOBS.LOB_ID RESTART WITH 57
DELETE FROM BLOCKS WHERE BLOCK_ADDR=52
INSERT INTO BLOCKS VALUES(52,1,0)
INSERT INTO BLOCKS VALUES(53,2147483594,0)
DELETE FROM BLOCKS WHERE BLOCK_ADDR=52
INSERT INTO LOBS VALUES(52,1,0,56)
COMMIT
/*C3*/SET SCHEMA PUBLIC
DELETE FROM TAXI_SERVICES WHERE TAXI_SERVICE_ID=5
INSERT INTO TAXI_SERVICES VALUES(5,56,'152',50)
SET SCHEMA SYSTEM_LOBS
DELETE FROM LOB_IDS WHERE LOB_ID=55
INSERT INTO LOB_IDS VALUES(55,9,0,40)
DELETE FROM LOB_IDS WHERE LOB_ID=56
INSERT INTO LOB_IDS VALUES(56,9,1,40)
COMMIT
